{"/Users/jmileham/Documents/2023/UNI/SEM1/COS301/CAPSTONE/AI-Photo-Editor/tests/test1.ts": {"path":"/Users/jmileham/Documents/2023/UNI/SEM1/COS301/CAPSTONE/AI-Photo-Editor/tests/test1.ts","statementMap":{"0":{"start":{"line":3,"column":8},"end":{"line":3,"column":30}}},"fnMap":{"0":{"name":"firstTest","decl":{"start":{"line":2,"column":20},"end":{"line":2,"column":29}},"loc":{"start":{"line":2,"column":32},"end":{"line":4,"column":5}},"line":2}},"branchMap":{},"s":{"0":1},"f":{"0":1},"b":{},"_coverageSchema":"1a1c01bbd47fc00a2c39e90264f33305004495a9","hash":"efd5adf30496c4003eddb50253ec22666e84e8cf"}
}
